<?xml version="1.0" encoding="UTF-8"?>
<!-- Generated by org.testng.reporters.JUnitXMLReporter -->
<testsuite ignored="0" hostname="Dell" failures="1" tests="5" name="Surefire test" time="26.979" errors="0" timestamp="2025-10-27T01:03:12 IST">
  <testcase classname="ecom.tests.ErrorValidationTest" name="LoginErrorValidation" time="0.555">
    <skipped/>
  </testcase> <!-- LoginErrorValidation -->
  <testcase classname="ecom.tests.ErrorValidationTest" name="LoginErrorValidation" time="1.039">
    <failure type="java.lang.AssertionError" message="expected [Incorrect email or password.] but found [Incorrec email or password.]">
      <![CDATA[java.lang.AssertionError: expected [Incorrect email or password.] but found [Incorrec email or password.]
at ecom.tests.ErrorValidationTest.LoginErrorValidation(ErrorValidationTest.java:15)
at java.base/java.util.ArrayList.forEach(ArrayList.java:1596)
... Removed 36 stack frames]]>
    </failure>
  </testcase> <!-- LoginErrorValidation -->
  <testcase classname="ecom.tests.SubmitOrderTest" name="submitOrder" time="3.483"/>
  <testcase classname="ecom.tests.SubmitOrderTest" name="submitOrder" time="3.398"/>
  <testcase classname="ecom.tests.SubmitOrderTest" name="orderHistoryTest" time="0.87"/>
</testsuite> <!-- Surefire test -->
