<?xml version="1.0" encoding="UTF-8"?>
<!-- Generated by org.testng.reporters.JUnitXMLReporter -->
<testsuite ignored="1" hostname="Dell" failures="0" tests="3" name="Default test" time="25.46" errors="0" timestamp="2025-10-23T16:40:51 IST">
  <testcase classname="ecom.tests.SubmitOrderTest" name="submitOrder" time="4.352"/>
  <testcase classname="ecom.tests.SubmitOrderTest" name="submitOrder" time="4.427"/>
  <testcase classname="ecom.tests.SubmitOrderTest" name="submitOrder" time="4.366"/>
  <testcase classname="ecom.tests.SubmitOrderTest" name="orderHistoryTest" time="0.0">
    <ignored/>
  </testcase> <!-- orderHistoryTest -->
</testsuite> <!-- Default test -->
