<?xml version="1.0" encoding="UTF-8"?>
<!-- Generated by org.testng.reporters.JUnitXMLReporter -->
<testsuite ignored="0" hostname="Dell" failures="0" tests="3" name="SubmitOrder" time="21.306" errors="0" timestamp="2025-10-26T02:57:27 IST">
  <testcase classname="ecom.tests.SubmitOrderTest" name="submitOrder" time="4.305"/>
  <testcase classname="ecom.tests.SubmitOrderTest" name="submitOrder" time="4.361"/>
  <testcase classname="ecom.tests.SubmitOrderTest" name="orderHistoryTest" time="1.381"/>
</testsuite> <!-- SubmitOrder -->
