<?xml version="1.0" encoding="UTF-8"?>
<!-- Generated by org.testng.reporters.JUnitXMLReporter -->
<testsuite ignored="1" hostname="Dell" failures="0" tests="2" name="SubmitOrder" time="15.671" errors="0" timestamp="2025-10-27T02:04:03 IST">
  <testcase classname="ecom.tests.SubmitOrderTest" name="submitOrder" time="3.5"/>
  <testcase classname="ecom.tests.SubmitOrderTest" name="submitOrder" time="3.409"/>
  <testcase classname="ecom.tests.SubmitOrderTest" name="orderHistoryTest" time="0.0">
    <ignored/>
  </testcase> <!-- orderHistoryTest -->
</testsuite> <!-- SubmitOrder -->
