<?xml version="1.0" encoding="UTF-8"?>
<!-- Generated by org.testng.reporters.JUnitXMLReporter -->
<testsuite ignored="0" hostname="Dell" failures="1" tests="1" name="Test" time="0.089" errors="0" timestamp="2025-10-16T22:34:20 IST">
  <testcase classname="ecom.tests.SubmitOrderTest" name="submitOrder" time="0.028">
    <failure type="java.io.FileNotFoundException" message="C:\Users\gaura\eclipse-workspace\SeleniumFrameworkDesign\src\main\java\ecommerce\resources\GlobalData.properties (The system cannot find the path specified)">
      <![CDATA[java.io.FileNotFoundException: C:\Users\gaura\eclipse-workspace\SeleniumFrameworkDesign\src\main\java\ecommerce\resources\GlobalData.properties (The system cannot find the path specified)
at java.base/java.io.FileInputStream.open0(Native Method)
at java.base/java.io.FileInputStream.open(FileInputStream.java:213)
at java.base/java.io.FileInputStream.<init>(FileInputStream.java:152)
at java.base/java.io.FileInputStream.<init>(FileInputStream.java:106)
at ecom.testcomponents.BaseTest.initializeDriver(BaseTest.java:24)
at ecom.testcomponents.BaseTest.launchApplication(BaseTest.java:54)
at ecom.tests.SubmitOrderTest.submitOrder(SubmitOrderTest.java:29)
at java.base/java.util.ArrayList.forEach(ArrayList.java:1596)
... Removed 25 stack frames]]>
    </failure>
  </testcase> <!-- submitOrder -->
</testsuite> <!-- Test -->
