<?xml version="1.0" encoding="UTF-8"?>
<!-- Generated by org.testng.reporters.JUnitXMLReporter -->
<testsuite ignored="0" hostname="Dell" failures="1" tests="2" name="ErrorValidation" time="10.503" errors="0" timestamp="2025-10-26T03:12:13 IST">
  <testcase classname="ecom.tests.ErrorValidationTest" name="LoginErrorValidation" time="1.523">
    <skipped/>
  </testcase> <!-- LoginErrorValidation -->
  <testcase classname="ecom.tests.ErrorValidationTest" name="LoginErrorValidation" time="0.9">
    <failure type="java.lang.AssertionError" message="expected [Incorrect email or password.] but found [Incorrec email or password.]">
      <![CDATA[java.lang.AssertionError: expected [Incorrect email or password.] but found [Incorrec email or password.]
at ecom.tests.ErrorValidationTest.LoginErrorValidation(ErrorValidationTest.java:15)
at java.base/java.util.ArrayList.forEach(ArrayList.java:1596)
... Removed 35 stack frames]]>
    </failure>
  </testcase> <!-- LoginErrorValidation -->
</testsuite> <!-- ErrorValidation -->
