<?xml version="1.0" encoding="UTF-8"?>
<!-- Generated by org.testng.reporters.JUnitXMLReporter -->
<testsuite ignored="0" hostname="Dell" failures="0" tests="3" name="SubmitOrder" time="19.961" errors="0" timestamp="2025-10-27T02:10:04 IST">
  <testcase classname="ecom.tests.SubmitOrderTest" name="submitOrder" time="3.655"/>
  <testcase classname="ecom.tests.SubmitOrderTest" name="submitOrder" time="3.549"/>
  <testcase classname="ecom.tests.SubmitOrderTest" name="orderHistoryTest" time="1.043"/>
</testsuite> <!-- SubmitOrder -->
