<?xml version="1.0" encoding="UTF-8"?>
<!-- Generated by org.testng.reporters.JUnitXMLReporter -->
<testsuite ignored="0" hostname="Dell" failures="0" tests="3" name="SubmitOrder" time="20.804" errors="0" timestamp="2025-10-27T01:01:25 IST">
  <testcase classname="ecom.tests.SubmitOrderTest" name="submitOrder" time="3.793"/>
  <testcase classname="ecom.tests.SubmitOrderTest" name="submitOrder" time="3.52"/>
  <testcase classname="ecom.tests.SubmitOrderTest" name="orderHistoryTest" time="0.959"/>
</testsuite> <!-- SubmitOrder -->
