<?xml version="1.0" encoding="UTF-8"?>
<!-- Generated by org.testng.reporters.JUnitXMLReporter -->
<testsuite ignored="0" hostname="Dell" failures="1" tests="2" name="Validation Test" time="8.893" errors="0" timestamp="2025-10-27T01:01:14 IST">
  <testcase classname="ecom.tests.ErrorValidationTest" name="LoginErrorValidation" time="2.752">
    <skipped/>
  </testcase> <!-- LoginErrorValidation -->
  <testcase classname="ecom.tests.ErrorValidationTest" name="LoginErrorValidation" time="0.576">
    <failure type="java.lang.AssertionError" message="expected [Incorrect email or password.] but found [Incorrec email or password.]">
      <![CDATA[java.lang.AssertionError: expected [Incorrect email or password.] but found [Incorrec email or password.]
at ecom.tests.ErrorValidationTest.LoginErrorValidation(ErrorValidationTest.java:15)
at java.base/java.util.ArrayList.forEach(ArrayList.java:1596)
at java.base/java.util.concurrent.FutureTask.run(FutureTask.java:317)
at java.base/java.util.concurrent.ThreadPoolExecutor.runWorker(ThreadPoolExecutor.java:1144)
at java.base/java.util.concurrent.ThreadPoolExecutor$Worker.run(ThreadPoolExecutor.java:642)
at java.base/java.lang.Thread.run(Thread.java:1583)
... Removed 21 stack frames]]>
    </failure>
  </testcase> <!-- LoginErrorValidation -->
</testsuite> <!-- Validation Test -->
