<?xml version="1.0" encoding="UTF-8"?>
<testng-results ignored="0" total="4" passed="4" failed="0" skipped="0">
  <reporter-output>
  </reporter-output>
  <suite started-at="2025-10-27T02:09:44 IST" name="Suite" finished-at="2025-10-27T02:10:04 IST" duration-ms="19961">
    <groups>
      <group name="ErrorHandling">
        <method signature="ErrorValidationTest.LoginErrorValidation()[pri:0, instance:ecom.tests.ErrorValidationTest@7dc3712]" name="LoginErrorValidation" class="ecom.tests.ErrorValidationTest"/>
      </group> <!-- ErrorHandling -->
      <group name="purchase">
        <method signature="SubmitOrderTest.submitOrder(java.util.HashMap)[pri:0, instance:ecom.tests.SubmitOrderTest@2de56eb2]" name="submitOrder" class="ecom.tests.SubmitOrderTest"/>
      </group> <!-- purchase -->
    </groups>
    <test started-at="2025-10-27T02:09:44 IST" name="Validation Test" finished-at="2025-10-27T02:09:50 IST" duration-ms="5472">
      <class name="ecom.tests.ErrorValidationTest">
        <test-method is-config="true" signature="launchApplication()[pri:0, instance:ecom.tests.ErrorValidationTest@7dc3712]" started-at="2025-10-27T02:09:44 IST" name="launchApplication" finished-at="2025-10-27T02:09:49 IST" duration-ms="4586" status="PASS">
          <reporter-output>
          </reporter-output>
        </test-method> <!-- launchApplication -->
        <test-method signature="LoginErrorValidation()[pri:0, instance:ecom.tests.ErrorValidationTest@7dc3712]" started-at="2025-10-27T02:09:49 IST" name="LoginErrorValidation" finished-at="2025-10-27T02:09:49 IST" duration-ms="569" status="PASS">
          <reporter-output>
          </reporter-output>
        </test-method> <!-- LoginErrorValidation -->
        <test-method is-config="true" signature="tearDown()[pri:0, instance:ecom.tests.ErrorValidationTest@7dc3712]" started-at="2025-10-27T02:09:49 IST" name="tearDown" finished-at="2025-10-27T02:09:50 IST" duration-ms="221" status="PASS">
          <reporter-output>
          </reporter-output>
        </test-method> <!-- tearDown -->
      </class> <!-- ecom.tests.ErrorValidationTest -->
    </test> <!-- Validation Test -->
    <test started-at="2025-10-27T02:09:44 IST" name="SubmitOrder" finished-at="2025-10-27T02:10:04 IST" duration-ms="19961">
      <class name="ecom.tests.SubmitOrderTest">
        <test-method is-config="true" signature="launchApplication()[pri:0, instance:ecom.tests.SubmitOrderTest@2de56eb2]" started-at="2025-10-27T02:09:45 IST" name="launchApplication" finished-at="2025-10-27T02:09:52 IST" duration-ms="7535" status="PASS">
          <reporter-output>
          </reporter-output>
        </test-method> <!-- launchApplication -->
        <test-method signature="submitOrder(java.util.HashMap)[pri:0, instance:ecom.tests.SubmitOrderTest@2de56eb2]" started-at="2025-10-27T02:09:52 IST" name="submitOrder" data-provider="getData" finished-at="2025-10-27T02:09:56 IST" duration-ms="3655" status="PASS">
          <params>
            <param index="0">
              <value>
                <![CDATA[{pass=Function@1234, product=ZARA COAT 3, email=admingama@example.com}]]>
              </value>
            </param>
          </params>
          <reporter-output>
          </reporter-output>
        </test-method> <!-- submitOrder -->
        <test-method is-config="true" signature="tearDown()[pri:0, instance:ecom.tests.SubmitOrderTest@2de56eb2]" started-at="2025-10-27T02:09:56 IST" name="tearDown" finished-at="2025-10-27T02:09:56 IST" duration-ms="265" status="PASS">
          <reporter-output>
          </reporter-output>
        </test-method> <!-- tearDown -->
        <test-method is-config="true" signature="launchApplication()[pri:0, instance:ecom.tests.SubmitOrderTest@2de56eb2]" started-at="2025-10-27T02:09:56 IST" name="launchApplication" finished-at="2025-10-27T02:09:58 IST" duration-ms="1468" status="PASS">
          <reporter-output>
          </reporter-output>
        </test-method> <!-- launchApplication -->
        <test-method signature="submitOrder(java.util.HashMap)[pri:0, instance:ecom.tests.SubmitOrderTest@2de56eb2]" started-at="2025-10-27T02:09:58 IST" name="submitOrder" data-provider="getData" finished-at="2025-10-27T02:10:01 IST" duration-ms="3549" status="PASS">
          <params>
            <param index="0">
              <value>
                <![CDATA[{pass=Network@1234, product=ADIDAS ORIGINAL, email=networkadmin@example.com}]]>
              </value>
            </param>
          </params>
          <reporter-output>
          </reporter-output>
        </test-method> <!-- submitOrder -->
        <test-method is-config="true" signature="tearDown()[pri:0, instance:ecom.tests.SubmitOrderTest@2de56eb2]" started-at="2025-10-27T02:10:01 IST" name="tearDown" finished-at="2025-10-27T02:10:01 IST" duration-ms="243" status="PASS">
          <reporter-output>
          </reporter-output>
        </test-method> <!-- tearDown -->
        <test-method is-config="true" signature="launchApplication()[pri:0, instance:ecom.tests.SubmitOrderTest@2de56eb2]" started-at="2025-10-27T02:10:01 IST" name="launchApplication" finished-at="2025-10-27T02:10:03 IST" duration-ms="1430" status="PASS">
          <reporter-output>
          </reporter-output>
        </test-method> <!-- launchApplication -->
        <test-method signature="orderHistoryTest()[pri:0, instance:ecom.tests.SubmitOrderTest@2de56eb2]" started-at="2025-10-27T02:10:03 IST" name="orderHistoryTest" finished-at="2025-10-27T02:10:04 IST" depends-on-methods="submitOrder()" duration-ms="1043" status="PASS">
          <reporter-output>
          </reporter-output>
        </test-method> <!-- orderHistoryTest -->
        <test-method is-config="true" signature="tearDown()[pri:0, instance:ecom.tests.SubmitOrderTest@2de56eb2]" started-at="2025-10-27T02:10:04 IST" name="tearDown" finished-at="2025-10-27T02:10:04 IST" duration-ms="229" status="PASS">
          <reporter-output>
          </reporter-output>
        </test-method> <!-- tearDown -->
      </class> <!-- ecom.tests.SubmitOrderTest -->
    </test> <!-- SubmitOrder -->
  </suite> <!-- Suite -->
</testng-results>
