<?xml version="1.0" encoding="UTF-8"?>
<testng-results ignored="0" total="1" passed="1" failed="0" skipped="0">
  <reporter-output>
  </reporter-output>
  <suite started-at="2025-10-27T02:05:47 IST" name="Suite" finished-at="2025-10-27T02:05:51 IST" duration-ms="4383">
    <groups>
      <group name="ErrorHandling">
        <method signature="ErrorValidationTest.LoginErrorValidation()[pri:0, instance:ecom.tests.ErrorValidationTest@10289886]" name="LoginErrorValidation" class="ecom.tests.ErrorValidationTest"/>
      </group> <!-- ErrorHandling -->
    </groups>
    <test started-at="2025-10-27T02:05:47 IST" name="ErrorValidation" finished-at="2025-10-27T02:05:51 IST" duration-ms="4383">
      <class name="ecom.tests.ErrorValidationTest">
        <test-method is-config="true" signature="launchApplication()[pri:0, instance:ecom.tests.ErrorValidationTest@10289886]" started-at="2025-10-27T02:05:47 IST" name="launchApplication" finished-at="2025-10-27T02:05:51 IST" duration-ms="3537" status="PASS">
          <reporter-output>
          </reporter-output>
        </test-method> <!-- launchApplication -->
        <test-method signature="LoginErrorValidation()[pri:0, instance:ecom.tests.ErrorValidationTest@10289886]" started-at="2025-10-27T02:05:51 IST" name="LoginErrorValidation" finished-at="2025-10-27T02:05:51 IST" duration-ms="555" status="PASS">
          <reporter-output>
          </reporter-output>
        </test-method> <!-- LoginErrorValidation -->
        <test-method is-config="true" signature="tearDown()[pri:0, instance:ecom.tests.ErrorValidationTest@10289886]" started-at="2025-10-27T02:05:51 IST" name="tearDown" finished-at="2025-10-27T02:05:51 IST" duration-ms="238" status="PASS">
          <reporter-output>
          </reporter-output>
        </test-method> <!-- tearDown -->
      </class> <!-- ecom.tests.ErrorValidationTest -->
    </test> <!-- ErrorValidation -->
  </suite> <!-- Suite -->
</testng-results>
