<?xml version="1.0" encoding="UTF-8"?>
<testng-results ignored="0" total="1" passed="1" failed="0" skipped="0">
  <reporter-output>
  </reporter-output>
  <suite started-at="2025-10-16T22:38:11 IST" name="Default suite" finished-at="2025-10-16T22:38:21 IST" duration-ms="9857">
    <groups>
    </groups>
    <test started-at="2025-10-16T22:38:11 IST" name="Default test" finished-at="2025-10-16T22:38:21 IST" duration-ms="9857">
      <class name="ecom.tests.SubmitOrderTest">
        <test-method signature="submitOrder()[pri:0, instance:ecom.tests.SubmitOrderTest@618b19ad]" started-at="2025-10-16T22:38:11 IST" name="submitOrder" finished-at="2025-10-16T22:38:21 IST" duration-ms="9802" status="PASS">
          <reporter-output>
          </reporter-output>
        </test-method> <!-- submitOrder -->
      </class> <!-- ecom.tests.SubmitOrderTest -->
    </test> <!-- Default test -->
  </suite> <!-- Default suite -->
</testng-results>
